<?xml version="1.0" encoding="UTF-8"?>
<!-- Generated by org.testng.reporters.JUnitXMLReporter -->
<testsuite ignored="0" hostname="Dheekshika" failures="0" tests="3" name="RegisterPageTest" time="39.288" errors="0" timestamp="2024-01-07T15:30:51 IST">
  <testcase classname="com.qa.opencart.test.RegisterPageTest" name="UserRegisterTest" time="11.286"/>
  <testcase classname="com.qa.opencart.test.RegisterPageTest" name="UserRegisterTest" time="10.511"/>
  <testcase classname="com.qa.opencart.test.RegisterPageTest" name="UserRegisterTest" time="10.702"/>
</testsuite> <!-- RegisterPageTest -->
