<?xml version="1.0" encoding="UTF-8"?>
<!-- Generated by org.testng.reporters.JUnitXMLReporter -->
<testsuite ignored="0" hostname="Dheekshika" failures="0" tests="1" name="RegisterPageTest" time="0.076" errors="0" timestamp="2024-01-14T14:12:53 IST">
  <testcase classname="com.qa.opencart.base.BaseTest" name="@BeforeTest setup" time="0.014">
    <failure type="java.lang.NullPointerException">
      <![CDATA[java.lang.NullPointerException
at com.qa.opencart.factory.OptionsManager.getEdgeOptions(OptionsManager.java:38)
at com.qa.opencart.factory.DriverFactory.initDriver(DriverFactory.java:75)
at com.qa.opencart.base.BaseTest.setup(BaseTest.java:41)
at java.base/jdk.internal.reflect.NativeMethodAccessorImpl.invoke0(Native Method)
at java.base/jdk.internal.reflect.NativeMethodAccessorImpl.invoke(NativeMethodAccessorImpl.java:62)
at java.base/jdk.internal.reflect.DelegatingMethodAccessorImpl.invoke(DelegatingMethodAccessorImpl.java:43)
at java.base/java.lang.reflect.Method.invoke(Method.java:566)
at org.testng.internal.MethodInvocationHelper.invokeMethod(MethodInvocationHelper.java:133)
at org.testng.internal.MethodInvocationHelper.invokeMethodConsideringTimeout(MethodInvocationHelper.java:62)
at org.testng.internal.ConfigInvoker.invokeConfigurationMethod(ConfigInvoker.java:385)
at org.testng.internal.ConfigInvoker.invokeConfigurations(ConfigInvoker.java:321)
at org.testng.TestRunner.invokeTestConfigurations(TestRunner.java:637)
at org.testng.TestRunner.beforeRun(TestRunner.java:627)
at org.testng.TestRunner.run(TestRunner.java:589)
at org.testng.SuiteRunner.runTest(SuiteRunner.java:377)
at org.testng.SuiteRunner.access$000(SuiteRunner.java:28)
at org.testng.SuiteRunner$SuiteWorker.run(SuiteRunner.java:418)
at org.testng.internal.thread.ThreadUtil.lambda$execute$0(ThreadUtil.java:64)
at java.base/java.util.concurrent.FutureTask.run(FutureTask.java:264)
at java.base/java.util.concurrent.ThreadPoolExecutor.runWorker(ThreadPoolExecutor.java:1128)
at java.base/java.util.concurrent.ThreadPoolExecutor$Worker.run(ThreadPoolExecutor.java:628)
at java.base/java.lang.Thread.run(Thread.java:834)
]]>
    </failure>
  </testcase> <!-- @BeforeTest setup -->
  <testcase classname="com.qa.opencart.test.RegisterPageTest" name="@BeforeClass doLogin" time="-1.705221773063E9">
    <skipped/>
  </testcase> <!-- @BeforeClass doLogin -->
  <testcase classname="com.qa.opencart.base.BaseTest" name="@AfterTest tearDown" time="-1.705221773093E9">
    <skipped/>
  </testcase> <!-- @AfterTest tearDown -->
  <testcase classname="com.qa.opencart.test.RegisterPageTest" name="UserRegisterTest" time="0.0">
    <skipped/>
  </testcase> <!-- UserRegisterTest -->
</testsuite> <!-- RegisterPageTest -->
