<?xml version="1.0" encoding="UTF-8"?>
<testng-results ignored="0" total="3" passed="3" failed="0" skipped="0">
  <reporter-output>
  </reporter-output>
  <suite started-at="2024-01-07T15:30:12 IST" name="Opencart App Test Regression Suite" finished-at="2024-01-07T15:30:51 IST" duration-ms="39288">
    <groups>
    </groups>
    <test started-at="2024-01-07T15:30:12 IST" name="RegisterPageTest" finished-at="2024-01-07T15:30:51 IST" duration-ms="39288">
      <class name="com.qa.opencart.test.RegisterPageTest">
        <test-method is-config="true" signature="setup(java.lang.String)[pri:0, instance:com.qa.opencart.test.RegisterPageTest@759de304]" started-at="2024-01-07T15:30:12 IST" name="setup" finished-at="2024-01-07T15:30:17 IST" duration-ms="4945" status="PASS">
          <params>
            <param index="0">
              <value>
                <![CDATA[chrome]]>
              </value>
            </param>
          </params>
          <reporter-output>
          </reporter-output>
        </test-method> <!-- setup -->
        <test-method is-config="true" signature="doLogin()[pri:0, instance:com.qa.opencart.test.RegisterPageTest@759de304]" started-at="2024-01-07T15:30:17 IST" name="doLogin" finished-at="2024-01-07T15:30:18 IST" duration-ms="1310" status="PASS">
          <reporter-output>
          </reporter-output>
        </test-method> <!-- doLogin -->
        <test-method signature="UserRegisterTest(java.lang.String,java.lang.String,java.lang.String,java.lang.String,java.lang.String)[pri:0, instance:com.qa.opencart.test.RegisterPageTest@759de304]" started-at="2024-01-07T15:30:18 IST" name="UserRegisterTest" data-provider="getUserRegData" finished-at="2024-01-07T15:30:29 IST" duration-ms="11286" status="PASS">
          <params>
            <param index="0">
              <value>
                <![CDATA[Eshwari]]>
              </value>
            </param>
            <param index="1">
              <value>
                <![CDATA[K]]>
              </value>
            </param>
            <param index="2">
              <value>
                <![CDATA[9900990099]]>
              </value>
            </param>
            <param index="3">
              <value>
                <![CDATA[Pass@123]]>
              </value>
            </param>
            <param index="4">
              <value>
                <![CDATA[yes]]>
              </value>
            </param>
          </params>
          <reporter-output>
          </reporter-output>
        </test-method> <!-- UserRegisterTest -->
        <test-method signature="UserRegisterTest(java.lang.String,java.lang.String,java.lang.String,java.lang.String,java.lang.String)[pri:0, instance:com.qa.opencart.test.RegisterPageTest@759de304]" started-at="2024-01-07T15:30:29 IST" name="UserRegisterTest" data-provider="getUserRegData" finished-at="2024-01-07T15:30:40 IST" duration-ms="10511" status="PASS">
          <params>
            <param index="0">
              <value>
                <![CDATA[Tom]]>
              </value>
            </param>
            <param index="1">
              <value>
                <![CDATA[T]]>
              </value>
            </param>
            <param index="2">
              <value>
                <![CDATA[9900990044]]>
              </value>
            </param>
            <param index="3">
              <value>
                <![CDATA[test@123]]>
              </value>
            </param>
            <param index="4">
              <value>
                <![CDATA[yes]]>
              </value>
            </param>
          </params>
          <reporter-output>
          </reporter-output>
        </test-method> <!-- UserRegisterTest -->
        <test-method signature="UserRegisterTest(java.lang.String,java.lang.String,java.lang.String,java.lang.String,java.lang.String)[pri:0, instance:com.qa.opencart.test.RegisterPageTest@759de304]" started-at="2024-01-07T15:30:40 IST" name="UserRegisterTest" data-provider="getUserRegData" finished-at="2024-01-07T15:30:51 IST" duration-ms="10702" status="PASS">
          <params>
            <param index="0">
              <value>
                <![CDATA[Sibi]]>
              </value>
            </param>
            <param index="1">
              <value>
                <![CDATA[R]]>
              </value>
            </param>
            <param index="2">
              <value>
                <![CDATA[9900990011]]>
              </value>
            </param>
            <param index="3">
              <value>
                <![CDATA[test@123]]>
              </value>
            </param>
            <param index="4">
              <value>
                <![CDATA[yes]]>
              </value>
            </param>
          </params>
          <reporter-output>
          </reporter-output>
        </test-method> <!-- UserRegisterTest -->
        <test-method is-config="true" signature="tearDown()[pri:0, instance:com.qa.opencart.test.RegisterPageTest@759de304]" started-at="2024-01-07T15:30:51 IST" name="tearDown" finished-at="2024-01-07T15:30:51 IST" duration-ms="252" status="PASS">
          <reporter-output>
          </reporter-output>
        </test-method> <!-- tearDown -->
      </class> <!-- com.qa.opencart.test.RegisterPageTest -->
    </test> <!-- RegisterPageTest -->
  </suite> <!-- Opencart App Test Regression Suite -->
</testng-results>
